TN:
SF:C:\Users\Nancy Sawaya\learn\tutorial\reduxTutorial\src\client\action\hello.js
FN:18,(anonymous_0)
FN:18,(anonymous_1)
FN:21,(anonymous_2)
FN:25,(anonymous_3)
FN:29,(anonymous_4)
FNF:5
FNH:5
FNDA:3,(anonymous_0)
FNDA:3,(anonymous_1)
FNDA:3,(anonymous_2)
FNDA:2,(anonymous_3)
FNDA:2,(anonymous_4)
DA:8,2
DA:9,2
DA:10,2
DA:11,2
DA:13,2
DA:14,2
DA:15,2
DA:16,2
DA:18,3
DA:19,3
DA:20,3
DA:22,3
DA:23,2
DA:26,2
DA:27,1
DA:30,2
LF:16
LH:16
BRDA:22,0,0,1
BRDA:22,0,1,2
BRDA:26,1,0,1
BRDA:26,1,1,1
BRF:4
BRH:4
end_of_record
TN:
SF:C:\Users\Nancy Sawaya\learn\tutorial\reduxTutorial\src\client\reducer\hello.js
FN:17,(anonymous_0)
FNF:1
FNH:1
FNDA:9,(anonymous_0)
DA:12,1
DA:17,1
DA:18,9
DA:20,1
DA:22,1
DA:24,1
DA:26,1
DA:28,5
LF:8
LH:8
BRDA:17,0,0,5
BRDA:18,1,0,1
BRDA:18,1,1,1
BRDA:18,1,2,1
BRDA:18,1,3,1
BRDA:18,1,4,5
BRF:6
BRH:6
end_of_record
TN:
SF:C:\Users\Nancy Sawaya\learn\tutorial\reduxTutorial\src\shared\routes.js
FN:4,(anonymous_0)
FNF:1
FNH:1
FNDA:8,(anonymous_0)
DA:4,8
LF:1
LH:1
BRDA:4,0,0,8
BRDA:4,0,1,1
BRF:2
BRH:2
end_of_record
